<?xml version="1.0" encoding="UTF-8"?>
<!-- Generated by org.testng.reporters.JUnitReportReporter -->
<testsuite hostname="TYSS-Shashank" failures="0" tests="5" name="Mahabhandar.PanchangTest" time="614.967" errors="0" timestamp="2022-11-15T17:47:54 IST" skipped="0">
  <testcase classname="Mahabhandar.PanchangTest" name="verifyMonthSelectionTab" time="123.718"/>
  <system-out/>
  <testcase classname="Mahabhandar.PanchangTest" name="verifyDailyDateComponents" time="107.214"/>
  <system-out/>
  <testcase classname="Mahabhandar.PanchangTest" name="verifyDailyPanchangComponents" time="129.435"/>
  <system-out/>
  <testcase classname="Mahabhandar.PanchangTest" name="verifyMonthlyPanchangComponents" time="147.452"/>
  <system-out/>
  <testcase classname="Mahabhandar.PanchangTest" name="verifyPanchangaFeature" time="107.148"/>
  <system-out/>
</testsuite> <!-- Mahabhandar.PanchangTest -->
