<?xml version="1.0" encoding="UTF-8"?>
<!-- Generated by org.testng.reporters.JUnitReportReporter -->
<testsuite hostname="TYSS-Shilpa" failures="0" tests="1" name="Mahabandar.HoraTest" time="499.036" errors="0" timestamp="2022-10-17T16:35:30 IST" skipped="0">
  <testcase classname="Mahabandar.HoraTest" name="VerifythatHoraTabDisplayedInTheMahabandarPage1" time="499.036"/>
  <system-out/>
</testsuite> <!-- Mahabandar.HoraTest -->
