<?xml version="1.0" encoding="UTF-8"?>
<!-- Generated by org.testng.reporters.JUnitReportReporter -->
<testsuite hostname="TYSS-Santhruptha" failures="0" tests="1" name="Mandir.SongIconTest" time="52.170" errors="0" timestamp="2022-10-13T10:01:57 IST" skipped="0">
  <testcase classname="Mandir.SongIconTest" name="verifySongIcon" time="52.170"/>
  <system-out/>
</testsuite> <!-- Mandir.SongIconTest -->
