<?xml version="1.0" encoding="UTF-8"?>
<!-- Generated by org.testng.reporters.JUnitReportReporter -->
<testsuite hostname="TYSS-Santhruptha" failures="0" tests="1" name="tests.ImageComparision" time="40.735" errors="0" timestamp="2022-10-11T19:30:06 IST" skipped="0">
  <testcase classname="tests.ImageComparision" name="compareImageOfSameGodInMandirPage" time="40.735"/>
  <system-out/>
</testsuite> <!-- tests.ImageComparision -->
