<?xml version="1.0" encoding="UTF-8"?>
<!-- Generated by org.testng.reporters.JUnitReportReporter -->
<testsuite hostname="TYSS-Shashank" failures="0" tests="1" name="Mahabhandar.MukhyaTest" time="361.678" errors="0" timestamp="2022-11-21T18:27:12 IST" skipped="0">
  <testcase classname="Mahabhandar.MukhyaTest" name="VerifyMukhya" time="361.678"/>
  <system-out/>
</testsuite> <!-- Mahabhandar.MukhyaTest -->
