<?xml version="1.0" encoding="UTF-8"?>
<!-- Generated by org.testng.reporters.JUnitReportReporter -->
<testsuite hostname="TYSS-Shashank" failures="0" tests="1" name="Mandir.AppExitFlow" time="192.466" errors="0" timestamp="2022-11-22T16:27:28 IST" skipped="0">
  <testcase classname="Mandir.AppExitFlow" name="VerifyAppExitFlow" time="192.466"/>
  <system-out/>
</testsuite> <!-- Mandir.AppExitFlow -->
