<?xml version="1.0" encoding="UTF-8"?>
<!-- Generated by org.testng.reporters.JUnitReportReporter -->
<testsuite hostname="TYSS-Shashank" failures="0" tests="1" name="Mahabhandar.TvTest" time="137.236" errors="0" timestamp="2022-11-15T17:12:12 IST" skipped="0">
  <testcase classname="Mahabhandar.TvTest" name="verifyTV" time="137.236"/>
  <system-out/>
</testsuite> <!-- Mahabhandar.TvTest -->
