<?xml version="1.0" encoding="UTF-8"?>
<!-- Generated by org.testng.reporters.JUnitReportReporter -->
<testsuite hostname="TYSS-Shashank" failures="0" tests="1" name="Mahabhandar.RashifalTest" time="203.643" errors="0" timestamp="2022-11-15T17:26:44 IST" skipped="0">
  <testcase classname="Mahabhandar.RashifalTest" name="verifyingRashifal" time="203.643"/>
  <system-out/>
</testsuite> <!-- Mahabhandar.RashifalTest -->
