<?xml version="1.0" encoding="UTF-8"?>
<!-- Generated by org.testng.reporters.JUnitReportReporter -->
<testsuite hostname="TYSS-Shashank" failures="0" tests="1" name="Mandir.MenuTest" time="269.262" errors="0" timestamp="2022-11-14T12:50:04 IST" skipped="0">
  <testcase classname="Mandir.MenuTest" name="verifyMenupageOptions" time="269.262"/>
  <system-out/>
</testsuite> <!-- Mandir.MenuTest -->
