<?xml version="1.0" encoding="UTF-8"?>
<!-- Generated by org.testng.reporters.JUnitReportReporter -->
<testsuite hostname="TYSS-Shashank" failures="0" tests="1" name="Mahabhandar.ChowgadiyaTest" time="72.872" errors="0" timestamp="2022-11-11T16:25:24 IST" skipped="0">
  <testcase classname="Mahabhandar.ChowgadiyaTest" name="verifyChowgadiyaPage" time="72.872"/>
  <system-out/>
</testsuite> <!-- Mahabhandar.ChowgadiyaTest -->
