<?xml version="1.0" encoding="UTF-8"?>
<!-- Generated by org.testng.reporters.JUnitReportReporter -->
<testsuite hostname="TYSS-Shilpa" failures="0" tests="1" name="MahaBandar.Hora_Test" time="275.348" errors="0" timestamp="2022-10-14T15:42:05 IST" skipped="0">
  <testcase classname="MahaBandar.Hora_Test" name="VerifythatHoraTabDisplayedInTheMahabandarPage" time="275.348"/>
  <system-out/>
</testsuite> <!-- MahaBandar.Hora_Test -->
