<?xml version="1.0" encoding="UTF-8"?>
<!-- Generated by org.testng.reporters.JUnitReportReporter -->
<testsuite hostname="TYSS-Shashank" failures="0" tests="1" name="Mandir.UYOGTest" time="368.313" errors="0" timestamp="2022-11-18T14:19:52 IST" skipped="0">
  <testcase classname="Mandir.UYOGTest" name="verifyUYOGfeatureAndEditFlow" time="368.313"/>
  <system-out/>
</testsuite> <!-- Mandir.UYOGTest -->
