<?xml version="1.0" encoding="UTF-8"?>
<!-- Generated by org.testng.reporters.JUnitReportReporter -->
<testsuite hostname="TYSS-Shashank" failures="0" tests="1" name="Mandir.OnBoardingTest" time="307.460" errors="0" timestamp="2022-11-18T12:43:02 IST" skipped="0">
  <testcase classname="Mandir.OnBoardingTest" name="verifyOnBoardingTutorial" time="307.460"/>
  <system-out/>
</testsuite> <!-- Mandir.OnBoardingTest -->
