<?xml version="1.0" encoding="UTF-8"?>
<!-- Generated by org.testng.reporters.JUnitReportReporter -->
<testsuite hostname="TYSS-Shashank" failures="0" tests="2" name="Mandir.FlowerIconTest" time="398.723" errors="0" timestamp="2022-11-18T12:19:09 IST" skipped="0">
  <testcase classname="Mandir.FlowerIconTest" name="verifyFlowerIcon" time="117.495"/>
  <system-out/>
  <testcase classname="Mandir.FlowerIconTest" name="verifyGodTitleandCompareImageOfFlowerShowerandpunyamudrasection" time="281.228"/>
  <system-out/>
</testsuite> <!-- Mandir.FlowerIconTest -->
