<?xml version="1.0" encoding="UTF-8"?>
<!-- Generated by org.testng.reporters.JUnitReportReporter -->
<testsuite hostname="TYSS-Shashank" failures="0" tests="2" name="Profile.KundliTest" time="405.274" errors="0" timestamp="2022-11-18T13:14:14 IST" skipped="0">
  <testcase classname="Profile.KundliTest" name="verifyKundli" time="224.497"/>
  <system-out/>
  <testcase classname="Profile.KundliTest" name="verifyKundliSlot" time="180.777"/>
  <system-out/>
</testsuite> <!-- Profile.KundliTest -->
