<?xml version="1.0" encoding="UTF-8"?>
<!-- Generated by org.testng.reporters.JUnitReportReporter -->
<testsuite hostname="TYSS-Shashank" failures="0" tests="1" name="Mahabhandar.SuvicharTest" time="588.159" errors="0" timestamp="2022-11-22T13:40:49 IST" skipped="0">
  <testcase classname="Mahabhandar.SuvicharTest" name="verifySuvicharPage" time="588.159"/>
  <system-out/>
</testsuite> <!-- Mahabhandar.SuvicharTest -->
