<?xml version="1.0" encoding="UTF-8"?>
<!-- Generated by org.testng.reporters.JUnitReportReporter -->
<testsuite hostname="TYSS-Shashank" failures="0" tests="1" name="Profile.EditProfileTest" time="174.034" errors="0" timestamp="2022-11-11T11:15:59 IST" skipped="0">
  <testcase classname="Profile.EditProfileTest" name="verifyEditProfile" time="174.034"/>
  <system-out/>
</testsuite> <!-- Profile.EditProfileTest -->
