<?xml version="1.0" encoding="UTF-8"?>
<!-- Generated by org.testng.reporters.JUnitReportReporter -->
<testsuite hostname="TYSS-Shashank" failures="0" tests="1" name="Mahabhandar.SujavTest" time="294.956" errors="0" timestamp="2022-11-22T13:05:39 IST" skipped="0">
  <testcase classname="Mahabhandar.SujavTest" name="VerifySujav" time="294.956"/>
  <system-out/>
</testsuite> <!-- Mahabhandar.SujavTest -->
