<?xml version="1.0" encoding="UTF-8"?>
<!-- Generated by org.testng.reporters.JUnitReportReporter -->
<testsuite hostname="TYSS-Shilpa" failures="0" tests="1" name="Mandir.FlowerPage_Test" time="51.462" errors="0" timestamp="2022-10-14T14:21:27 IST" skipped="0">
  <testcase classname="Mandir.FlowerPage_Test" name="SMPK_TC_1882_VerifyThatUserIsGettingFlowerBottomSheetOnClickingFlowerIcon" time="51.462"/>
  <system-out/>
</testsuite> <!-- Mandir.FlowerPage_Test -->
