<?xml version="1.0" encoding="UTF-8"?>
<!-- Generated by org.testng.reporters.JUnitReportReporter -->
<testsuite skipped="0" hostname="DESKTOP-P7JAC8H" name="testScripts.PSA_01Test" tests="1" failures="0" timestamp="28 Nov 2022 04:22:15 GMT" time="27.640" errors="0">
  <testcase name="userProfileValidationTest" time="27.640" classname="testScripts.PSA_01Test"/>
</testsuite> <!-- testScripts.PSA_01Test -->
