<?xml version="1.0" encoding="UTF-8"?>
<!-- Generated by org.testng.reporters.JUnitReportReporter -->
<testsuite hostname="TYSS-Shashank" failures="0" tests="1" name="Mandir.AarthiTest" time="188.384" errors="0" timestamp="2022-11-18T12:19:09 IST" skipped="0">
  <testcase classname="Mandir.AarthiTest" name="verifyingTheAarthiMode" time="188.384"/>
  <system-out/>
</testsuite> <!-- Mandir.AarthiTest -->
