<?xml version="1.0" encoding="UTF-8"?>
<!-- Generated by org.testng.reporters.JUnitReportReporter -->
<testsuite skipped="0" hostname="DESKTOP-P7JAC8H" name="testScripts.PSA_01" tests="1" failures="0" timestamp="26 Nov 2022 14:26:30 GMT" time="17.873" errors="0">
  <testcase name="userProfileValidation" time="17.873" classname="testScripts.PSA_01"/>
</testsuite> <!-- testScripts.PSA_01 -->
