<?xml version="1.0" encoding="UTF-8"?>
<!-- Generated by org.testng.reporters.JUnitReportReporter -->
<testsuite hostname="TYSS-Shilpa" failures="0" tests="1" name="Mandir.Login" time="66.021" errors="0" timestamp="2022-10-17T10:26:24 IST" skipped="0">
  <testcase classname="Mandir.Login" name="SMPK_TC_3370_VerifyThatUserCanAbleToLoginFromMenuPageUsing" time="66.021"/>
  <system-out/>
</testsuite> <!-- Mandir.Login -->
