<?xml version="1.0" encoding="UTF-8"?>
<!-- Generated by org.testng.reporters.JUnitReportReporter -->
<testsuite hostname="TYSS-Shashank" failures="0" tests="1" name="Mahabhandar.SahithyaTest" time="193.795" errors="0" timestamp="2022-11-23T16:08:26 IST" skipped="0">
  <testcase classname="Mahabhandar.SahithyaTest" name="VerifySahithyaPage1" time="193.795"/>
  <system-out/>
</testsuite> <!-- Mahabhandar.SahithyaTest -->
