<?xml version="1.0" encoding="UTF-8"?>
<!-- Generated by org.testng.reporters.JUnitReportReporter -->
<testsuite hostname="TYSS-Santhruptha" failures="0" tests="1" name="tests.Tests" time="73.772" errors="0" timestamp="2022-10-12T22:50:49 IST" skipped="0">
  <testcase classname="tests.Tests" name="SMPK_TC_2069_verifyThatUserIsNavigatedToMahabhandarScreenOnClickingMahabhandarTabFromTheBottomNavigationBar" time="73.772"/>
  <system-out/>
</testsuite> <!-- tests.Tests -->
