<?xml version="1.0" encoding="UTF-8"?>
<!-- Generated by org.testng.reporters.JUnitReportReporter -->
<testsuite hostname="TYSS-Santhruptha" failures="0" tests="1" name="tests.Login" time="71.072" errors="0" timestamp="2022-10-11T11:06:26 IST" skipped="0">
  <testcase classname="tests.Login" name="SMPK_TC_3370_VerifyThatUserCanAbleToLoginFromMenuPageUsing" time="71.072"/>
  <system-out/>
</testsuite> <!-- tests.Login -->
