<?xml version="1.0" encoding="UTF-8"?>
<!-- Generated by org.testng.reporters.JUnitReportReporter -->
<testsuite hostname="TYSS-Shashank" failures="0" tests="1" name="Mahabhandar.GeethaShlokTest" time="259.516" errors="0" timestamp="2022-11-15T17:03:27 IST" skipped="0">
  <testcase classname="Mahabhandar.GeethaShlokTest" name="verifyGeethaShlokPage" time="259.516"/>
  <system-out/>
</testsuite> <!-- Mahabhandar.GeethaShlokTest -->
